time="2025-04-23T02:36:10Z" level=info msg="Traefik version 2.10.7 built on 2023-12-06T15:54:59Z"
time="2025-04-23T02:36:10Z" level=info msg="\nStats collection is disabled.\nHelp us improve Traefik by turning this feature on :)\nMore details on: https://doc.traefik.io/traefik/contributing/data-collection/\n"
time="2025-04-23T02:36:10Z" level=info msg="Starting provider aggregator aggregator.ProviderAggregator"
time="2025-04-23T02:36:10Z" level=info msg="Starting provider *file.Provider"
time="2025-04-23T02:36:10Z" level=info msg="Starting provider *traefik.Provider"
time="2025-04-23T02:36:10Z" level=info msg="Starting provider *acme.ChallengeTLSALPN"
time="2025-04-23T02:36:10Z" level=info msg="Starting provider *docker.Provider"
time="2025-04-23T02:36:11Z" level=warning msg="SSLRedirect is deprecated, please use entrypoint redirection instead." routerName=n8n@docker entryPointName=web middlewareType=Headers middlewareName=secure-headers@docker
time="2025-04-23T02:41:53Z" level=info msg="I have to go..."
time="2025-04-23T02:41:53Z" level=info msg="Stopping server gracefully"
time="2025-04-23T02:41:53Z" level=error msg="accept tcp [::]:8080: use of closed network connection" entryPointName=traefik
time="2025-04-23T02:41:53Z" level=error msg="accept tcp [::]:443: use of closed network connection" entryPointName=websecure
time="2025-04-23T02:41:53Z" level=error msg="accept tcp [::]:80: use of closed network connection" entryPointName=web
time="2025-04-23T02:41:53Z" level=error msg="close tcp [::]:8080: use of closed network connection" entryPointName=traefik
time="2025-04-23T02:41:53Z" level=error msg="close tcp [::]:80: use of closed network connection" entryPointName=web
time="2025-04-23T02:41:53Z" level=error msg="close tcp [::]:443: use of closed network connection" entryPointName=websecure
time="2025-04-23T02:41:53Z" level=info msg="Server stopped"
time="2025-04-23T02:41:53Z" level=info msg="Shutting down"
time="2025-04-23T02:42:15Z" level=info msg="Traefik version 2.10.7 built on 2023-12-06T15:54:59Z"
time="2025-04-23T02:42:15Z" level=info msg="\nStats collection is disabled.\nHelp us improve Traefik by turning this feature on :)\nMore details on: https://doc.traefik.io/traefik/contributing/data-collection/\n"
time="2025-04-23T02:42:15Z" level=info msg="Starting provider aggregator aggregator.ProviderAggregator"
time="2025-04-23T02:42:15Z" level=info msg="Starting provider *file.Provider"
time="2025-04-23T02:42:15Z" level=info msg="Starting provider *traefik.Provider"
time="2025-04-23T02:42:15Z" level=info msg="Starting provider *docker.Provider"
time="2025-04-23T02:42:15Z" level=info msg="Starting provider *acme.ChallengeTLSALPN"
time="2025-04-23T02:42:16Z" level=warning msg="SSLRedirect is deprecated, please use entrypoint redirection instead." middlewareType=Headers entryPointName=web routerName=n8n@docker middlewareName=secure-headers@docker
time="2025-04-23T02:52:19Z" level=warning msg="A new release has been found: 3.3.6. Please consider updating."
time="2025-04-23T03:02:30Z" level=info msg="I have to go..."
time="2025-04-23T03:02:30Z" level=info msg="Stopping server gracefully"
time="2025-04-23T03:02:30Z" level=error msg="accept tcp [::]:443: use of closed network connection" entryPointName=websecure
time="2025-04-23T03:02:30Z" level=error msg="accept tcp [::]:8080: use of closed network connection" entryPointName=traefik
time="2025-04-23T03:02:30Z" level=error msg="accept tcp [::]:80: use of closed network connection" entryPointName=web
time="2025-04-23T03:02:30Z" level=error msg="close tcp [::]:8080: use of closed network connection" entryPointName=traefik
time="2025-04-23T03:02:30Z" level=error msg="close tcp [::]:443: use of closed network connection" entryPointName=websecure
time="2025-04-23T03:02:30Z" level=error msg="close tcp [::]:80: use of closed network connection" entryPointName=web
time="2025-04-23T03:02:30Z" level=info msg="Server stopped"
time="2025-04-23T03:02:30Z" level=info msg="Shutting down"
time="2025-04-23T03:03:41Z" level=info msg="Traefik version 2.10.7 built on 2023-12-06T15:54:59Z"
time="2025-04-23T03:03:41Z" level=info msg="\nStats collection is disabled.\nHelp us improve Traefik by turning this feature on :)\nMore details on: https://doc.traefik.io/traefik/contributing/data-collection/\n"
time="2025-04-23T03:03:41Z" level=info msg="Starting provider aggregator aggregator.ProviderAggregator"
time="2025-04-23T03:03:41Z" level=info msg="Starting provider *file.Provider"
time="2025-04-23T03:03:41Z" level=info msg="Starting provider *traefik.Provider"
time="2025-04-23T03:03:41Z" level=info msg="Starting provider *docker.Provider"
time="2025-04-23T03:03:41Z" level=info msg="Starting provider *acme.ChallengeTLSALPN"
time="2025-04-23T03:03:41Z" level=warning msg="SSLRedirect is deprecated, please use entrypoint redirection instead." entryPointName=web routerName=n8n@docker middlewareType=Headers middlewareName=secure-headers@docker
time="2025-04-23T03:13:44Z" level=warning msg="A new release has been found: 3.3.6. Please consider updating."
time="2025-04-23T03:14:44Z" level=info msg="I have to go..."
time="2025-04-23T03:14:44Z" level=info msg="Stopping server gracefully"
time="2025-04-23T03:14:44Z" level=error msg="accept tcp [::]:80: use of closed network connection" entryPointName=web
time="2025-04-23T03:14:44Z" level=error msg="accept tcp [::]:443: use of closed network connection" entryPointName=websecure
time="2025-04-23T03:14:44Z" level=error msg="close tcp [::]:80: use of closed network connection" entryPointName=web
time="2025-04-23T03:14:44Z" level=error msg="close tcp [::]:443: use of closed network connection" entryPointName=websecure
time="2025-04-23T03:14:44Z" level=error msg="accept tcp [::]:8080: use of closed network connection" entryPointName=traefik
time="2025-04-23T03:14:44Z" level=error msg="close tcp [::]:8080: use of closed network connection" entryPointName=traefik
time="2025-04-23T03:14:44Z" level=info msg="Server stopped"
time="2025-04-23T03:14:44Z" level=info msg="Shutting down"
time="2025-04-23T03:15:30Z" level=info msg="Traefik version 2.10.7 built on 2023-12-06T15:54:59Z"
time="2025-04-23T03:15:30Z" level=info msg="\nStats collection is disabled.\nHelp us improve Traefik by turning this feature on :)\nMore details on: https://doc.traefik.io/traefik/contributing/data-collection/\n"
time="2025-04-23T03:15:30Z" level=info msg="Starting provider aggregator aggregator.ProviderAggregator"
time="2025-04-23T03:15:30Z" level=info msg="Starting provider *file.Provider"
time="2025-04-23T03:15:30Z" level=info msg="Starting provider *traefik.Provider"
time="2025-04-23T03:15:30Z" level=info msg="Starting provider *docker.Provider"
time="2025-04-23T03:15:30Z" level=info msg="Starting provider *acme.ChallengeTLSALPN"
time="2025-04-23T03:15:30Z" level=warning msg="SSLRedirect is deprecated, please use entrypoint redirection instead." middlewareType=Headers entryPointName=web routerName=n8n@docker middlewareName=secure-headers@docker
time="2025-04-23T03:25:33Z" level=warning msg="A new release has been found: 3.3.6. Please consider updating."
time="2025-04-23T04:28:09Z" level=info msg="I have to go..."
time="2025-04-23T04:28:09Z" level=info msg="Stopping server gracefully"
time="2025-04-23T04:28:09Z" level=error msg="accept tcp [::]:80: use of closed network connection" entryPointName=web
time="2025-04-23T04:28:09Z" level=error msg="accept tcp [::]:8080: use of closed network connection" entryPointName=traefik
time="2025-04-23T04:28:09Z" level=error msg="accept tcp [::]:443: use of closed network connection" entryPointName=websecure
time="2025-04-23T04:28:09Z" level=error msg="close tcp [::]:80: use of closed network connection" entryPointName=web
time="2025-04-23T04:28:09Z" level=error msg="close tcp [::]:443: use of closed network connection" entryPointName=websecure
time="2025-04-23T04:28:09Z" level=error msg="close tcp [::]:8080: use of closed network connection" entryPointName=traefik
time="2025-04-23T04:28:10Z" level=info msg="Server stopped"
time="2025-04-23T04:28:10Z" level=info msg="Shutting down"
time="2025-04-27T05:08:57Z" level=info msg="Traefik version 2.10.7 built on 2023-12-06T15:54:59Z"
time="2025-04-27T05:08:57Z" level=info msg="\nStats collection is disabled.\nHelp us improve Traefik by turning this feature on :)\nMore details on: https://doc.traefik.io/traefik/contributing/data-collection/\n"
time="2025-04-27T05:08:57Z" level=info msg="Starting provider aggregator aggregator.ProviderAggregator"
time="2025-04-27T05:08:57Z" level=info msg="Starting provider *file.Provider"
time="2025-04-27T05:08:57Z" level=info msg="Starting provider *traefik.Provider"
time="2025-04-27T05:08:57Z" level=info msg="Starting provider *docker.Provider"
time="2025-04-27T05:08:57Z" level=info msg="Starting provider *acme.ChallengeTLSALPN"
time="2025-04-27T05:08:57Z" level=warning msg="SSLRedirect is deprecated, please use entrypoint redirection instead." middlewareType=Headers entryPointName=web routerName=n8n@docker middlewareName=secure-headers@docker
time="2025-04-27T05:18:59Z" level=warning msg="A new release has been found: 3.3.6. Please consider updating."
